<?xml version="1.0" encoding="UTF-8"?>
<!-- Generated by org.testng.reporters.JUnitReportReporter -->
<testsuite hostname="DESKTOP-721TN9B" failures="0" tests="1" name="Amazon.tests.ErrorValidationTest" time="9.745" errors="0" timestamp="2024-04-10T11:36:06 IST" skipped="0">
  <testcase classname="Amazon.tests.ErrorValidationTest" name="productErrorValidation" time="9.745"/>
</testsuite> <!-- Amazon.tests.ErrorValidationTest -->
