<?xml version="1.0" encoding="UTF-8"?>
<!-- Generated by org.testng.reporters.JUnitReportReporter -->
<testsuite hostname="DESKTOP-721TN9B" failures="0" tests="2" name="Amazon.tests.SubmitOrderTest" time="46.022" errors="0" timestamp="2024-04-10T13:32:01 IST" skipped="0">
  <testcase classname="Amazon.tests.SubmitOrderTest" name="submitOrder" time="23.052"/>
  <testcase classname="Amazon.tests.SubmitOrderTest" name="submitOrder" time="22.970"/>
</testsuite> <!-- Amazon.tests.SubmitOrderTest -->
