<?xml version="1.0" encoding="UTF-8"?>
<!-- Generated by org.testng.reporters.JUnitReportReporter -->
<testsuite hostname="DESKTOP-721TN9B" failures="0" tests="2" name="Amazon.tests.ErrorValidation" time="17.060" errors="0" timestamp="2024-04-10T10:23:52 IST" skipped="0">
  <testcase classname="Amazon.tests.ErrorValidation" name="SubmitOrder" time="9.511"/>
  <testcase classname="Amazon.tests.ErrorValidation" name="productErrorValidation" time="7.549"/>
</testsuite> <!-- Amazon.tests.ErrorValidation -->
